# JRE version: OpenJDK Runtime Environment (8.0_112-b06) (build 1.8.0_112-release-b06)
# Java VM: OpenJDK 64-Bit Server VM (25.112-b06 mixed mode windows-amd64 compressed oops)
Heap:
 PSYoungGen      total 152064K, used 29242K [0x00000000e0000000, 0x00000000ebf80000, 0x0000000100000000)
  eden space 127488K, 3% used [0x00000000e0000000,0x00000000e048f1b0,0x00000000e7c80000)
  from space 24576K, 99% used [0x00000000ea780000,0x00000000ebf7f6a8,0x00000000ebf80000)
  to   space 18432K, 0% used [0x00000000e7c80000,0x00000000e7c80000,0x00000000e8e80000)
 ParOldGen       total 113664K, used 51277K [0x00000000a0000000, 0x00000000a6f00000, 0x00000000e0000000)
  object space 113664K, 45% used [0x00000000a0000000,0x00000000a32137b8,0x00000000a6f00000)
 Metaspace       used 67714K, capacity 69344K, committed 69632K, reserved 1110016K
  class space    used 8602K, capacity 8957K, committed 8960K, reserved 1048576K
GC Heap History (10 events):
Event: 16.324 GC heap before
{Heap before GC invocations=10 (full 2):
 PSYoungGen      total 96256K, used 85504K [0x00000000e0000000, 0x00000000e8500000, 0x0000000100000000)
  eden space 85504K, 100% used [0x00000000e0000000,0x00000000e5380000,0x00000000e5380000)
  from space 10752K, 0% used [0x00000000e5380000,0x00000000e5380000,0x00000000e5e00000)
  to   space 12288K, 0% used [0x00000000e7900000,0x00000000e7900000,0x00000000e8500000)
 ParOldGen       total 113664K, used 17979K [0x00000000a0000000, 0x00000000a6f00000, 0x00000000e0000000)
  object space 113664K, 15% used [0x00000000a0000000,0x00000000a118ec78,0x00000000a6f00000)
 Metaspace       used 42401K, capacity 43202K, committed 43520K, reserved 1087488K
  class space    used 5680K, capacity 5882K, committed 5888K, reserved 1048576K
Event: 16.338 GC heap after
Heap after GC invocations=10 (full 2):
 PSYoungGen      total 123392K, used 9485K [0x00000000e0000000, 0x00000000e8700000, 0x0000000100000000)
  eden space 111104K, 0% used [0x00000000e0000000,0x00000000e0000000,0x00000000e6c80000)
  from space 12288K, 77% used [0x00000000e7900000,0x00000000e82436b0,0x00000000e8500000)
  to   space 12800K, 0% used [0x00000000e6c80000,0x00000000e6c80000,0x00000000e7900000)
 ParOldGen       total 113664K, used 17987K [0x00000000a0000000, 0x00000000a6f00000, 0x00000000e0000000)
  object space 113664K, 15% used [0x00000000a0000000,0x00000000a1190c78,0x00000000a6f00000)
 Metaspace       used 42401K, capacity 43202K, committed 43520K, reserved 1087488K
  class space    used 5680K, capacity 5882K, committed 5888K, reserved 1048576K
}
Event: 19.746 GC heap before
{Heap before GC invocations=11 (full 2):
 PSYoungGen      total 123392K, used 120589K [0x00000000e0000000, 0x00000000e8700000, 0x0000000100000000)
  eden space 111104K, 100% used [0x00000000e0000000,0x00000000e6c80000,0x00000000e6c80000)
  from space 12288K, 77% used [0x00000000e7900000,0x00000000e82436b0,0x00000000e8500000)
  to   space 12800K, 0% used [0x00000000e6c80000,0x00000000e6c80000,0x00000000e7900000)
 ParOldGen       total 113664K, used 17987K [0x00000000a0000000, 0x00000000a6f00000, 0x00000000e0000000)
  object space 113664K, 15% used [0x00000000a0000000,0x00000000a1190c78,0x00000000a6f00000)
 Metaspace       used 48520K, capacity 49964K, committed 50304K, reserved 1093632K
  class space    used 6587K, capacity 6913K, committed 7040K, reserved 1048576K
Event: 19.772 GC heap after
Heap after GC invocations=11 (full 2):
 PSYoungGen      total 123904K, used 12772K [0x00000000e0000000, 0x00000000e9f80000, 0x0000000100000000)
  eden space 111104K, 0% used [0x00000000e0000000,0x00000000e0000000,0x00000000e6c80000)
  from space 12800K, 99% used [0x00000000e6c80000,0x00000000e78f9358,0x00000000e7900000)
  to   space 16384K, 0% used [0x00000000e8f80000,0x00000000e8f80000,0x00000000e9f80000)
 ParOldGen       total 113664K, used 23507K [0x00000000a0000000, 0x00000000a6f00000, 0x00000000e0000000)
  object space 113664K, 20% used [0x00000000a0000000,0x00000000a16f4c60,0x00000000a6f00000)
 Metaspace       used 48520K, capacity 49964K, committed 50304K, reserved 1093632K
  class space    used 6587K, capacity 6913K, committed 7040K, reserved 1048576K
}
Event: 46.398 GC heap before
{Heap before GC invocations=12 (full 2):
 PSYoungGen      total 123904K, used 123876K [0x00000000e0000000, 0x00000000e9f80000, 0x0000000100000000)
  eden space 111104K, 100% used [0x00000000e0000000,0x00000000e6c80000,0x00000000e6c80000)
  from space 12800K, 99% used [0x00000000e6c80000,0x00000000e78f9358,0x00000000e7900000)
  to   space 16384K, 0% used [0x00000000e8f80000,0x00000000e8f80000,0x00000000e9f80000)
 ParOldGen       total 113664K, used 23507K [0x00000000a0000000, 0x00000000a6f00000, 0x00000000e0000000)
  object space 113664K, 20% used [0x00000000a0000000,0x00000000a16f4c60,0x00000000a6f00000)
 Metaspace       used 51683K, capacity 53242K, committed 53504K, reserved 1095680K
  class space    used 6967K, capacity 7298K, committed 7424K, reserved 1048576K
Event: 46.434 GC heap after
Heap after GC invocations=12 (full 2):
 PSYoungGen      total 143872K, used 16364K [0x00000000e0000000, 0x00000000ea080000, 0x0000000100000000)
  eden space 127488K, 0% used [0x00000000e0000000,0x00000000e0000000,0x00000000e7c80000)
  from space 16384K, 99% used [0x00000000e8f80000,0x00000000e9f7b2d0,0x00000000e9f80000)
  to   space 18432K, 0% used [0x00000000e7c80000,0x00000000e7c80000,0x00000000e8e80000)
 ParOldGen       total 113664K, used 24101K [0x00000000a0000000, 0x00000000a6f00000, 0x00000000e0000000)
  object space 113664K, 21% used [0x00000000a0000000,0x00000000a17896b0,0x00000000a6f00000)
 Metaspace       used 51683K, capacity 53242K, committed 53504K, reserved 1095680K
  class space    used 6967K, capacity 7298K, committed 7424K, reserved 1048576K
}
Event: 51.086 GC heap before
{Heap before GC invocations=13 (full 2):
 PSYoungGen      total 143872K, used 102980K [0x00000000e0000000, 0x00000000ea080000, 0x0000000100000000)
  eden space 127488K, 67% used [0x00000000e0000000,0x00000000e54960c8,0x00000000e7c80000)
  from space 16384K, 99% used [0x00000000e8f80000,0x00000000e9f7b2d0,0x00000000e9f80000)
  to   space 18432K, 0% used [0x00000000e7c80000,0x00000000e7c80000,0x00000000e8e80000)
 ParOldGen       total 113664K, used 24101K [0x00000000a0000000, 0x00000000a6f00000, 0x00000000e0000000)
  object space 113664K, 21% used [0x00000000a0000000,0x00000000a17896b0,0x00000000a6f00000)
 Metaspace       used 57439K, capacity 59006K, committed 59160K, reserved 1099776K
  class space    used 7587K, capacity 7942K, committed 8064K, reserved 1048576K
Event: 51.136 GC heap after
Heap after GC invocations=13 (full 2):
 PSYoungGen      total 145920K, used 18428K [0x00000000e0000000, 0x00000000ebf80000, 0x0000000100000000)
  eden space 127488K, 0% used [0x00000000e0000000,0x00000000e0000000,0x00000000e7c80000)
  from space 18432K, 99% used [0x00000000e7c80000,0x00000000e8e7f2a0,0x00000000e8e80000)
  to   space 24576K, 0% used [0x00000000ea780000,0x00000000ea780000,0x00000000ebf80000)
 ParOldGen       total 113664K, used 34888K [0x00000000a0000000, 0x00000000a6f00000, 0x00000000e0000000)
  object space 113664K, 30% used [0x00000000a0000000,0x00000000a2212130,0x00000000a6f00000)
 Metaspace       used 57439K, capacity 59006K, committed 59160K, reserved 1099776K
  class space    used 7587K, capacity 7942K, committed 8064K, reserved 1048576K
}
Event: 51.136 GC heap before
{Heap before GC invocations=14 (full 3):
 PSYoungGen      total 145920K, used 18428K [0x00000000e0000000, 0x00000000ebf80000, 0x0000000100000000)
  eden space 127488K, 0% used [0x00000000e0000000,0x00000000e0000000,0x00000000e7c80000)
  from space 18432K, 99% used [0x00000000e7c80000,0x00000000e8e7f2a0,0x00000000e8e80000)
  to   space 24576K, 0% used [0x00000000ea780000,0x00000000ea780000,0x00000000ebf80000)
 ParOldGen       total 113664K, used 34888K [0x00000000a0000000, 0x00000000a6f00000, 0x00000000e0000000)
  object space 113664K, 30% used [0x00000000a0000000,0x00000000a2212130,0x00000000a6f00000)
 Metaspace       used 57439K, capacity 59006K, committed 59160K, reserved 1099776K
  class space    used 7587K, capacity 7942K, committed 8064K, reserved 1048576K
Event: 51.493 GC heap after
Heap after GC invocations=14 (full 3):
 PSYoungGen      total 145920K, used 0K [0x00000000e0000000, 0x00000000ebf80000, 0x0000000100000000)
  eden space 127488K, 0% used [0x00000000e0000000,0x00000000e0000000,0x00000000e7c80000)
  from space 18432K, 0% used [0x00000000e7c80000,0x00000000e7c80000,0x00000000e8e80000)
  to   space 24576K, 0% used [0x00000000ea780000,0x00000000ea780000,0x00000000ebf80000)
 ParOldGen       total 113664K, used 48403K [0x00000000a0000000, 0x00000000a6f00000, 0x00000000e0000000)
  object space 113664K, 42% used [0x00000000a0000000,0x00000000a2f44fd0,0x00000000a6f00000)
 Metaspace       used 57437K, capacity 59000K, committed 59160K, reserved 1099776K
  class space    used 7586K, capacity 7941K, committed 8064K, reserved 1048576K
}

