# JRE version: OpenJDK Runtime Environment (8.0_112-b06) (build 1.8.0_112-release-b06)
# Java VM: OpenJDK 64-Bit Server VM (25.112-b06 mixed mode windows-amd64 compressed oops)
Heap:
 PSYoungGen      total 209408K, used 21254K [0x00000000e0000000, 0x00000000edd80000, 0x0000000100000000)
  eden space 196096K, 10% used [0x00000000e0000000,0x00000000e14c1960,0x00000000ebf80000)
  from space 13312K, 0% used [0x00000000ebf80000,0x00000000ebf80000,0x00000000ecc80000)
  to   space 12288K, 0% used [0x00000000ecc80000,0x00000000ecc80000,0x00000000ed880000)
 ParOldGen       total 72192K, used 46126K [0x00000000a0000000, 0x00000000a4680000, 0x00000000e0000000)
  object space 72192K, 63% used [0x00000000a0000000,0x00000000a2d0bab8,0x00000000a4680000)
 Metaspace       used 59217K, capacity 60756K, committed 61080K, reserved 1101824K
  class space    used 7561K, capacity 7901K, committed 7936K, reserved 1048576K
GC Heap History (10 events):
Event: 20.091 GC heap before
{Heap before GC invocations=8 (full 1):
 PSYoungGen      total 123392K, used 74862K [0x00000000e0000000, 0x00000000e8700000, 0x0000000100000000)
  eden space 116224K, 58% used [0x00000000e0000000,0x00000000e42923c8,0x00000000e7180000)
  from space 7168K, 93% used [0x00000000e8000000,0x00000000e86895d8,0x00000000e8700000)
  to   space 10752K, 0% used [0x00000000e7200000,0x00000000e7200000,0x00000000e7c80000)
 ParOldGen       total 54272K, used 12324K [0x00000000a0000000, 0x00000000a3500000, 0x00000000e0000000)
  object space 54272K, 22% used [0x00000000a0000000,0x00000000a0c093d8,0x00000000a3500000)
 Metaspace       used 34796K, capacity 35376K, committed 35496K, reserved 1079296K
  class space    used 4646K, capacity 4846K, committed 4864K, reserved 1048576K
Event: 20.112 GC heap after
Heap after GC invocations=8 (full 1):
 PSYoungGen      total 127488K, used 10736K [0x00000000e0000000, 0x00000000ed880000, 0x0000000100000000)
  eden space 116736K, 0% used [0x00000000e0000000,0x00000000e0000000,0x00000000e7200000)
  from space 10752K, 99% used [0x00000000e7200000,0x00000000e7c7c398,0x00000000e7c80000)
  to   space 12288K, 0% used [0x00000000ecc80000,0x00000000ecc80000,0x00000000ed880000)
 ParOldGen       total 54272K, used 12954K [0x00000000a0000000, 0x00000000a3500000, 0x00000000e0000000)
  object space 54272K, 23% used [0x00000000a0000000,0x00000000a0ca6910,0x00000000a3500000)
 Metaspace       used 34796K, capacity 35376K, committed 35496K, reserved 1079296K
  class space    used 4646K, capacity 4846K, committed 4864K, reserved 1048576K
}
Event: 20.112 GC heap before
{Heap before GC invocations=9 (full 2):
 PSYoungGen      total 127488K, used 10736K [0x00000000e0000000, 0x00000000ed880000, 0x0000000100000000)
  eden space 116736K, 0% used [0x00000000e0000000,0x00000000e0000000,0x00000000e7200000)
  from space 10752K, 99% used [0x00000000e7200000,0x00000000e7c7c398,0x00000000e7c80000)
  to   space 12288K, 0% used [0x00000000ecc80000,0x00000000ecc80000,0x00000000ed880000)
 ParOldGen       total 54272K, used 12954K [0x00000000a0000000, 0x00000000a3500000, 0x00000000e0000000)
  object space 54272K, 23% used [0x00000000a0000000,0x00000000a0ca6910,0x00000000a3500000)
 Metaspace       used 34796K, capacity 35376K, committed 35496K, reserved 1079296K
  class space    used 4646K, capacity 4846K, committed 4864K, reserved 1048576K
Event: 20.276 GC heap after
Heap after GC invocations=9 (full 2):
 PSYoungGen      total 127488K, used 0K [0x00000000e0000000, 0x00000000ed880000, 0x0000000100000000)
  eden space 116736K, 0% used [0x00000000e0000000,0x00000000e0000000,0x00000000e7200000)
  from space 10752K, 0% used [0x00000000e7200000,0x00000000e7200000,0x00000000e7c80000)
  to   space 12288K, 0% used [0x00000000ecc80000,0x00000000ecc80000,0x00000000ed880000)
 ParOldGen       total 72192K, used 17941K [0x00000000a0000000, 0x00000000a4680000, 0x00000000e0000000)
  object space 72192K, 24% used [0x00000000a0000000,0x00000000a1185650,0x00000000a4680000)
 Metaspace       used 34796K, capacity 35376K, committed 35496K, reserved 1079296K
  class space    used 4646K, capacity 4846K, committed 4864K, reserved 1048576K
}
Event: 23.549 GC heap before
{Heap before GC invocations=10 (full 2):
 PSYoungGen      total 127488K, used 116736K [0x00000000e0000000, 0x00000000ed880000, 0x0000000100000000)
  eden space 116736K, 100% used [0x00000000e0000000,0x00000000e7200000,0x00000000e7200000)
  from space 10752K, 0% used [0x00000000e7200000,0x00000000e7200000,0x00000000e7c80000)
  to   space 12288K, 0% used [0x00000000ecc80000,0x00000000ecc80000,0x00000000ed880000)
 ParOldGen       total 72192K, used 17941K [0x00000000a0000000, 0x00000000a4680000, 0x00000000e0000000)
  object space 72192K, 24% used [0x00000000a0000000,0x00000000a1185650,0x00000000a4680000)
 Metaspace       used 43654K, capacity 44518K, committed 44800K, reserved 1087488K
  class space    used 5839K, capacity 6032K, committed 6144K, reserved 1048576K
Event: 23.581 GC heap after
Heap after GC invocations=10 (full 2):
 PSYoungGen      total 208384K, used 11645K [0x00000000e0000000, 0x00000000edd80000, 0x0000000100000000)
  eden space 196096K, 0% used [0x00000000e0000000,0x00000000e0000000,0x00000000ebf80000)
  from space 12288K, 94% used [0x00000000ecc80000,0x00000000ed7df468,0x00000000ed880000)
  to   space 13312K, 0% used [0x00000000ebf80000,0x00000000ebf80000,0x00000000ecc80000)
 ParOldGen       total 72192K, used 17949K [0x00000000a0000000, 0x00000000a4680000, 0x00000000e0000000)
  object space 72192K, 24% used [0x00000000a0000000,0x00000000a1187650,0x00000000a4680000)
 Metaspace       used 43654K, capacity 44518K, committed 44800K, reserved 1087488K
  class space    used 5839K, capacity 6032K, committed 6144K, reserved 1048576K
}
Event: 39.255 GC heap before
{Heap before GC invocations=11 (full 2):
 PSYoungGen      total 208384K, used 201201K [0x00000000e0000000, 0x00000000edd80000, 0x0000000100000000)
  eden space 196096K, 96% used [0x00000000e0000000,0x00000000eb91d1a0,0x00000000ebf80000)
  from space 12288K, 94% used [0x00000000ecc80000,0x00000000ed7df468,0x00000000ed880000)
  to   space 13312K, 0% used [0x00000000ebf80000,0x00000000ebf80000,0x00000000ecc80000)
 ParOldGen       total 72192K, used 17949K [0x00000000a0000000, 0x00000000a4680000, 0x00000000e0000000)
  object space 72192K, 24% used [0x00000000a0000000,0x00000000a1187650,0x00000000a4680000)
 Metaspace       used 57458K, capacity 58964K, committed 59160K, reserved 1101824K
  class space    used 7433K, capacity 7773K, committed 7808K, reserved 1048576K
Event: 39.304 GC heap after
Heap after GC invocations=11 (full 2):
 PSYoungGen      total 209408K, used 13281K [0x00000000e0000000, 0x00000000edd80000, 0x0000000100000000)
  eden space 196096K, 0% used [0x00000000e0000000,0x00000000e0000000,0x00000000ebf80000)
  from space 13312K, 99% used [0x00000000ebf80000,0x00000000ecc786d8,0x00000000ecc80000)
  to   space 12288K, 0% used [0x00000000ecc80000,0x00000000ecc80000,0x00000000ed880000)
 ParOldGen       total 72192K, used 37200K [0x00000000a0000000, 0x00000000a4680000, 0x00000000e0000000)
  object space 72192K, 51% used [0x00000000a0000000,0x00000000a2454288,0x00000000a4680000)
 Metaspace       used 57458K, capacity 58964K, committed 59160K, reserved 1101824K
  class space    used 7433K, capacity 7773K, committed 7808K, reserved 1048576K
}
Event: 39.304 GC heap before
{Heap before GC invocations=12 (full 3):
 PSYoungGen      total 209408K, used 13281K [0x00000000e0000000, 0x00000000edd80000, 0x0000000100000000)
  eden space 196096K, 0% used [0x00000000e0000000,0x00000000e0000000,0x00000000ebf80000)
  from space 13312K, 99% used [0x00000000ebf80000,0x00000000ecc786d8,0x00000000ecc80000)
  to   space 12288K, 0% used [0x00000000ecc80000,0x00000000ecc80000,0x00000000ed880000)
 ParOldGen       total 72192K, used 37200K [0x00000000a0000000, 0x00000000a4680000, 0x00000000e0000000)
  object space 72192K, 51% used [0x00000000a0000000,0x00000000a2454288,0x00000000a4680000)
 Metaspace       used 57458K, capacity 58964K, committed 59160K, reserved 1101824K
  class space    used 7433K, capacity 7773K, committed 7808K, reserved 1048576K
Event: 39.654 GC heap after
Heap after GC invocations=12 (full 3):
 PSYoungGen      total 209408K, used 0K [0x00000000e0000000, 0x00000000edd80000, 0x0000000100000000)
  eden space 196096K, 0% used [0x00000000e0000000,0x00000000e0000000,0x00000000ebf80000)
  from space 13312K, 0% used [0x00000000ebf80000,0x00000000ebf80000,0x00000000ecc80000)
  to   space 12288K, 0% used [0x00000000ecc80000,0x00000000ecc80000,0x00000000ed880000)
 ParOldGen       total 72192K, used 46126K [0x00000000a0000000, 0x00000000a4680000, 0x00000000e0000000)
  object space 72192K, 63% used [0x00000000a0000000,0x00000000a2d0bab8,0x00000000a4680000)
 Metaspace       used 57458K, capacity 58964K, committed 59160K, reserved 1101824K
  class space    used 7433K, capacity 7773K, committed 7808K, reserved 1048576K
}

