# JRE version: OpenJDK Runtime Environment (8.0_112-b06) (build 1.8.0_112-release-b06)
# Java VM: OpenJDK 64-Bit Server VM (25.112-b06 mixed mode windows-amd64 compressed oops)
Heap:
 PSYoungGen      total 469504K, used 20424K [0x00000000e0000000, 0x00000000ffd80000, 0x0000000100000000)
  eden space 442880K, 4% used [0x00000000e0000000,0x00000000e13f2180,0x00000000fb080000)
  from space 26624K, 0% used [0x00000000fca80000,0x00000000fca80000,0x00000000fe480000)
  to   space 26624K, 0% used [0x00000000fb080000,0x00000000fb080000,0x00000000fca80000)
 ParOldGen       total 158208K, used 47218K [0x00000000a0000000, 0x00000000a9a80000, 0x00000000e0000000)
  object space 158208K, 29% used [0x00000000a0000000,0x00000000a2e1c928,0x00000000a9a80000)
 Metaspace       used 90716K, capacity 96996K, committed 98816K, reserved 1136640K
  class space    used 10797K, capacity 11473K, committed 12032K, reserved 1048576K
GC Heap History (10 events):
Event: 16922.001 GC heap before
{Heap before GC invocations=76 (full 3):
 PSYoungGen      total 432640K, used 432416K [0x00000000e0000000, 0x00000000fdd00000, 0x0000000100000000)
  eden space 415232K, 100% used [0x00000000e0000000,0x00000000f9580000,0x00000000f9580000)
  from space 17408K, 98% used [0x00000000fcc00000,0x00000000fdcc8100,0x00000000fdd00000)
  to   space 26624K, 0% used [0x00000000fa900000,0x00000000fa900000,0x00000000fc300000)
 ParOldGen       total 140288K, used 89122K [0x00000000a0000000, 0x00000000a8900000, 0x00000000e0000000)
  object space 140288K, 63% used [0x00000000a0000000,0x00000000a5708a10,0x00000000a8900000)
 Metaspace       used 89370K, capacity 96188K, committed 96512K, reserved 1134592K
  class space    used 10806K, capacity 11683K, committed 11776K, reserved 1048576K
Event: 16922.019 GC heap after
Heap after GC invocations=76 (full 3):
 PSYoungGen      total 407040K, used 7688K [0x00000000e0000000, 0x00000000fcc80000, 0x0000000100000000)
  eden space 398848K, 0% used [0x00000000e0000000,0x00000000e0000000,0x00000000f8580000)
  from space 8192K, 93% used [0x00000000fa900000,0x00000000fb082218,0x00000000fb100000)
  to   space 26624K, 0% used [0x00000000fb280000,0x00000000fb280000,0x00000000fcc80000)
 ParOldGen       total 140288K, used 89130K [0x00000000a0000000, 0x00000000a8900000, 0x00000000e0000000)
  object space 140288K, 63% used [0x00000000a0000000,0x00000000a570aa10,0x00000000a8900000)
 Metaspace       used 89370K, capacity 96188K, committed 96512K, reserved 1134592K
  class space    used 10806K, capacity 11683K, committed 11776K, reserved 1048576K
}
Event: 16928.007 GC heap before
{Heap before GC invocations=77 (full 3):
 PSYoungGen      total 407040K, used 406289K [0x00000000e0000000, 0x00000000fcc80000, 0x0000000100000000)
  eden space 398848K, 99% used [0x00000000e0000000,0x00000000f85422e0,0x00000000f8580000)
  from space 8192K, 93% used [0x00000000fa900000,0x00000000fb082218,0x00000000fb100000)
  to   space 26624K, 0% used [0x00000000fb280000,0x00000000fb280000,0x00000000fcc80000)
 ParOldGen       total 140288K, used 89130K [0x00000000a0000000, 0x00000000a8900000, 0x00000000e0000000)
  object space 140288K, 63% used [0x00000000a0000000,0x00000000a570aa10,0x00000000a8900000)
 Metaspace       used 89382K, capacity 96188K, committed 96512K, reserved 1134592K
  class space    used 10806K, capacity 11683K, committed 11776K, reserved 1048576K
Event: 16928.028 GC heap after
Heap after GC invocations=77 (full 3):
 PSYoungGen      total 402432K, used 19321K [0x00000000e0000000, 0x00000000fc580000, 0x0000000100000000)
  eden space 382976K, 0% used [0x00000000e0000000,0x00000000e0000000,0x00000000f7600000)
  from space 19456K, 99% used [0x00000000fb280000,0x00000000fc55e648,0x00000000fc580000)
  to   space 27648K, 0% used [0x00000000f8f80000,0x00000000f8f80000,0x00000000faa80000)
 ParOldGen       total 140288K, used 89130K [0x00000000a0000000, 0x00000000a8900000, 0x00000000e0000000)
  object space 140288K, 63% used [0x00000000a0000000,0x00000000a570aa10,0x00000000a8900000)
 Metaspace       used 89382K, capacity 96188K, committed 96512K, reserved 1134592K
  class space    used 10806K, capacity 11683K, committed 11776K, reserved 1048576K
}
Event: 16928.075 GC heap before
{Heap before GC invocations=78 (full 3):
 PSYoungGen      total 402432K, used 402260K [0x00000000e0000000, 0x00000000fc580000, 0x0000000100000000)
  eden space 382976K, 99% used [0x00000000e0000000,0x00000000f75f6d40,0x00000000f7600000)
  from space 19456K, 99% used [0x00000000fb280000,0x00000000fc55e648,0x00000000fc580000)
  to   space 27648K, 0% used [0x00000000f8f80000,0x00000000f8f80000,0x00000000faa80000)
 ParOldGen       total 140288K, used 89130K [0x00000000a0000000, 0x00000000a8900000, 0x00000000e0000000)
  object space 140288K, 63% used [0x00000000a0000000,0x00000000a570aa10,0x00000000a8900000)
 Metaspace       used 89383K, capacity 96188K, committed 96512K, reserved 1134592K
  class space    used 10806K, capacity 11683K, committed 11776K, reserved 1048576K
Event: 16928.088 GC heap after
Heap after GC invocations=78 (full 3):
 PSYoungGen      total 436736K, used 10138K [0x00000000e0000000, 0x00000000fe480000, 0x0000000100000000)
  eden space 409088K, 0% used [0x00000000e0000000,0x00000000e0000000,0x00000000f8f80000)
  from space 27648K, 36% used [0x00000000f8f80000,0x00000000f9966aa0,0x00000000faa80000)
  to   space 26624K, 0% used [0x00000000fca80000,0x00000000fca80000,0x00000000fe480000)
 ParOldGen       total 140288K, used 89130K [0x00000000a0000000, 0x00000000a8900000, 0x00000000e0000000)
  object space 140288K, 63% used [0x00000000a0000000,0x00000000a570aa10,0x00000000a8900000)
 Metaspace       used 89383K, capacity 96188K, committed 96512K, reserved 1134592K
  class space    used 10806K, capacity 11683K, committed 11776K, reserved 1048576K
}
Event: 16975.945 GC heap before
{Heap before GC invocations=79 (full 3):
 PSYoungGen      total 436736K, used 235314K [0x00000000e0000000, 0x00000000fe480000, 0x0000000100000000)
  eden space 409088K, 55% used [0x00000000e0000000,0x00000000edbe5e20,0x00000000f8f80000)
  from space 27648K, 36% used [0x00000000f8f80000,0x00000000f9966aa0,0x00000000faa80000)
  to   space 26624K, 0% used [0x00000000fca80000,0x00000000fca80000,0x00000000fe480000)
 ParOldGen       total 140288K, used 89130K [0x00000000a0000000, 0x00000000a8900000, 0x00000000e0000000)
  object space 140288K, 63% used [0x00000000a0000000,0x00000000a570aa10,0x00000000a8900000)
 Metaspace       used 91514K, capacity 98426K, committed 98560K, reserved 1136640K
  class space    used 11048K, capacity 11916K, committed 12032K, reserved 1048576K
Event: 16975.954 GC heap after
Heap after GC invocations=79 (full 3):
 PSYoungGen      total 469504K, used 4679K [0x00000000e0000000, 0x00000000ffd80000, 0x0000000100000000)
  eden space 442880K, 0% used [0x00000000e0000000,0x00000000e0000000,0x00000000fb080000)
  from space 26624K, 17% used [0x00000000fca80000,0x00000000fcf11ec0,0x00000000fe480000)
  to   space 26624K, 0% used [0x00000000fb080000,0x00000000fb080000,0x00000000fca80000)
 ParOldGen       total 140288K, used 89178K [0x00000000a0000000, 0x00000000a8900000, 0x00000000e0000000)
  object space 140288K, 63% used [0x00000000a0000000,0x00000000a5716a10,0x00000000a8900000)
 Metaspace       used 91514K, capacity 98426K, committed 98560K, reserved 1136640K
  class space    used 11048K, capacity 11916K, committed 12032K, reserved 1048576K
}
Event: 16975.955 GC heap before
{Heap before GC invocations=80 (full 4):
 PSYoungGen      total 469504K, used 4679K [0x00000000e0000000, 0x00000000ffd80000, 0x0000000100000000)
  eden space 442880K, 0% used [0x00000000e0000000,0x00000000e0000000,0x00000000fb080000)
  from space 26624K, 17% used [0x00000000fca80000,0x00000000fcf11ec0,0x00000000fe480000)
  to   space 26624K, 0% used [0x00000000fb080000,0x00000000fb080000,0x00000000fca80000)
 ParOldGen       total 140288K, used 89178K [0x00000000a0000000, 0x00000000a8900000, 0x00000000e0000000)
  object space 140288K, 63% used [0x00000000a0000000,0x00000000a5716a10,0x00000000a8900000)
 Metaspace       used 91514K, capacity 98426K, committed 98560K, reserved 1136640K
  class space    used 11048K, capacity 11916K, committed 12032K, reserved 1048576K
Event: 16976.371 GC heap after
Heap after GC invocations=80 (full 4):
 PSYoungGen      total 469504K, used 0K [0x00000000e0000000, 0x00000000ffd80000, 0x0000000100000000)
  eden space 442880K, 0% used [0x00000000e0000000,0x00000000e0000000,0x00000000fb080000)
  from space 26624K, 0% used [0x00000000fca80000,0x00000000fca80000,0x00000000fe480000)
  to   space 26624K, 0% used [0x00000000fb080000,0x00000000fb080000,0x00000000fca80000)
 ParOldGen       total 158208K, used 47218K [0x00000000a0000000, 0x00000000a9a80000, 0x00000000e0000000)
  object space 158208K, 29% used [0x00000000a0000000,0x00000000a2e1c928,0x00000000a9a80000)
 Metaspace       used 90127K, capacity 96270K, committed 98560K, reserved 1136640K
  class space    used 10737K, capacity 11424K, committed 12032K, reserved 1048576K
}

