# JRE version: OpenJDK Runtime Environment (8.0_112-b06) (build 1.8.0_112-release-b06)
# Java VM: OpenJDK 64-Bit Server VM (25.112-b06 mixed mode windows-amd64 compressed oops)
Heap:
 PSYoungGen      total 138240K, used 52015K [0x00000000e0000000, 0x00000000ece00000, 0x0000000100000000)
  eden space 125440K, 31% used [0x00000000e0000000,0x00000000e2651ce8,0x00000000e7a80000)
  from space 12800K, 99% used [0x00000000e7a80000,0x00000000e86f9f88,0x00000000e8700000)
  to   space 10752K, 0% used [0x00000000e8700000,0x00000000e8700000,0x00000000e9180000)
 ParOldGen       total 73728K, used 15624K [0x00000000a0000000, 0x00000000a4800000, 0x00000000e0000000)
  object space 73728K, 21% used [0x00000000a0000000,0x00000000a0f421c8,0x00000000a4800000)
 Metaspace       used 46124K, capacity 47396K, committed 47488K, reserved 1089536K
  class space    used 6231K, capacity 6525K, committed 6528K, reserved 1048576K
GC Heap History (10 events):
Event: 6.032 GC heap before
{Heap before GC invocations=5 (full 1):
 PSYoungGen      total 71680K, used 66560K [0x00000000e0000000, 0x00000000e8c00000, 0x0000000100000000)
  eden space 66560K, 100% used [0x00000000e0000000,0x00000000e4100000,0x00000000e4100000)
  from space 5120K, 0% used [0x00000000e4100000,0x00000000e4100000,0x00000000e4600000)
  to   space 5120K, 0% used [0x00000000e8700000,0x00000000e8700000,0x00000000e8c00000)
 ParOldGen       total 73728K, used 12540K [0x00000000a0000000, 0x00000000a4800000, 0x00000000e0000000)
  object space 73728K, 17% used [0x00000000a0000000,0x00000000a0c3f288,0x00000000a4800000)
 Metaspace       used 26072K, capacity 26508K, committed 26752K, reserved 1073152K
  class space    used 3580K, capacity 3697K, committed 3712K, reserved 1048576K
Event: 6.042 GC heap after
Heap after GC invocations=5 (full 1):
 PSYoungGen      total 97280K, used 5105K [0x00000000e0000000, 0x00000000e8c00000, 0x0000000100000000)
  eden space 92160K, 0% used [0x00000000e0000000,0x00000000e0000000,0x00000000e5a00000)
  from space 5120K, 99% used [0x00000000e8700000,0x00000000e8bfc4d8,0x00000000e8c00000)
  to   space 5120K, 0% used [0x00000000e8200000,0x00000000e8200000,0x00000000e8700000)
 ParOldGen       total 73728K, used 15418K [0x00000000a0000000, 0x00000000a4800000, 0x00000000e0000000)
  object space 73728K, 20% used [0x00000000a0000000,0x00000000a0f0ebf8,0x00000000a4800000)
 Metaspace       used 26072K, capacity 26508K, committed 26752K, reserved 1073152K
  class space    used 3580K, capacity 3697K, committed 3712K, reserved 1048576K
}
Event: 23.459 GC heap before
{Heap before GC invocations=6 (full 1):
 PSYoungGen      total 97280K, used 97265K [0x00000000e0000000, 0x00000000e8c00000, 0x0000000100000000)
  eden space 92160K, 100% used [0x00000000e0000000,0x00000000e5a00000,0x00000000e5a00000)
  from space 5120K, 99% used [0x00000000e8700000,0x00000000e8bfc4d8,0x00000000e8c00000)
  to   space 5120K, 0% used [0x00000000e8200000,0x00000000e8200000,0x00000000e8700000)
 ParOldGen       total 73728K, used 15418K [0x00000000a0000000, 0x00000000a4800000, 0x00000000e0000000)
  object space 73728K, 20% used [0x00000000a0000000,0x00000000a0f0ebf8,0x00000000a4800000)
 Metaspace       used 33083K, capacity 33582K, committed 33792K, reserved 1079296K
  class space    used 4406K, capacity 4547K, committed 4608K, reserved 1048576K
Event: 23.477 GC heap after
Heap after GC invocations=6 (full 1):
 PSYoungGen      total 127488K, used 5114K [0x00000000e0000000, 0x00000000e9180000, 0x0000000100000000)
  eden space 122368K, 0% used [0x00000000e0000000,0x00000000e0000000,0x00000000e7780000)
  from space 5120K, 99% used [0x00000000e8200000,0x00000000e86fe970,0x00000000e8700000)
  to   space 10752K, 0% used [0x00000000e8700000,0x00000000e8700000,0x00000000e9180000)
 ParOldGen       total 73728K, used 20735K [0x00000000a0000000, 0x00000000a4800000, 0x00000000e0000000)
  object space 73728K, 28% used [0x00000000a0000000,0x00000000a143fda0,0x00000000a4800000)
 Metaspace       used 33083K, capacity 33582K, committed 33792K, reserved 1079296K
  class space    used 4406K, capacity 4547K, committed 4608K, reserved 1048576K
}
Event: 24.056 GC heap before
{Heap before GC invocations=7 (full 1):
 PSYoungGen      total 127488K, used 49866K [0x00000000e0000000, 0x00000000e9180000, 0x0000000100000000)
  eden space 122368K, 36% used [0x00000000e0000000,0x00000000e2bb3ee8,0x00000000e7780000)
  from space 5120K, 99% used [0x00000000e8200000,0x00000000e86fe970,0x00000000e8700000)
  to   space 10752K, 0% used [0x00000000e8700000,0x00000000e8700000,0x00000000e9180000)
 ParOldGen       total 73728K, used 20735K [0x00000000a0000000, 0x00000000a4800000, 0x00000000e0000000)
  object space 73728K, 28% used [0x00000000a0000000,0x00000000a143fda0,0x00000000a4800000)
 Metaspace       used 34770K, capacity 35348K, committed 35496K, reserved 1079296K
  class space    used 4630K, capacity 4814K, committed 4864K, reserved 1048576K
Event: 24.098 GC heap after
Heap after GC invocations=7 (full 1):
 PSYoungGen      total 136192K, used 7872K [0x00000000e0000000, 0x00000000ece00000, 0x0000000100000000)
  eden space 125440K, 0% used [0x00000000e0000000,0x00000000e0000000,0x00000000e7a80000)
  from space 10752K, 73% used [0x00000000e8700000,0x00000000e8eb0090,0x00000000e9180000)
  to   space 12800K, 0% used [0x00000000e7a80000,0x00000000e7a80000,0x00000000e8700000)
 ParOldGen       total 73728K, used 20743K [0x00000000a0000000, 0x00000000a4800000, 0x00000000e0000000)
  object space 73728K, 28% used [0x00000000a0000000,0x00000000a1441da0,0x00000000a4800000)
 Metaspace       used 34770K, capacity 35348K, committed 35496K, reserved 1079296K
  class space    used 4630K, capacity 4814K, committed 4864K, reserved 1048576K
}
Event: 24.098 GC heap before
{Heap before GC invocations=8 (full 2):
 PSYoungGen      total 136192K, used 7872K [0x00000000e0000000, 0x00000000ece00000, 0x0000000100000000)
  eden space 125440K, 0% used [0x00000000e0000000,0x00000000e0000000,0x00000000e7a80000)
  from space 10752K, 73% used [0x00000000e8700000,0x00000000e8eb0090,0x00000000e9180000)
  to   space 12800K, 0% used [0x00000000e7a80000,0x00000000e7a80000,0x00000000e8700000)
 ParOldGen       total 73728K, used 20743K [0x00000000a0000000, 0x00000000a4800000, 0x00000000e0000000)
  object space 73728K, 28% used [0x00000000a0000000,0x00000000a1441da0,0x00000000a4800000)
 Metaspace       used 34770K, capacity 35348K, committed 35496K, reserved 1079296K
  class space    used 4630K, capacity 4814K, committed 4864K, reserved 1048576K
Event: 24.259 GC heap after
Heap after GC invocations=8 (full 2):
 PSYoungGen      total 136192K, used 0K [0x00000000e0000000, 0x00000000ece00000, 0x0000000100000000)
  eden space 125440K, 0% used [0x00000000e0000000,0x00000000e0000000,0x00000000e7a80000)
  from space 10752K, 0% used [0x00000000e8700000,0x00000000e8700000,0x00000000e9180000)
  to   space 12800K, 0% used [0x00000000e7a80000,0x00000000e7a80000,0x00000000e8700000)
 ParOldGen       total 73728K, used 15546K [0x00000000a0000000, 0x00000000a4800000, 0x00000000e0000000)
  object space 73728K, 21% used [0x00000000a0000000,0x00000000a0f2eb20,0x00000000a4800000)
 Metaspace       used 34770K, capacity 35348K, committed 35496K, reserved 1079296K
  class space    used 4630K, capacity 4814K, committed 4864K, reserved 1048576K
}
Event: 29.169 GC heap before
{Heap before GC invocations=9 (full 2):
 PSYoungGen      total 136192K, used 125440K [0x00000000e0000000, 0x00000000ece00000, 0x0000000100000000)
  eden space 125440K, 100% used [0x00000000e0000000,0x00000000e7a80000,0x00000000e7a80000)
  from space 10752K, 0% used [0x00000000e8700000,0x00000000e8700000,0x00000000e9180000)
  to   space 12800K, 0% used [0x00000000e7a80000,0x00000000e7a80000,0x00000000e8700000)
 ParOldGen       total 73728K, used 15546K [0x00000000a0000000, 0x00000000a4800000, 0x00000000e0000000)
  object space 73728K, 21% used [0x00000000a0000000,0x00000000a0f2eb20,0x00000000a4800000)
 Metaspace       used 44451K, capacity 45374K, committed 45696K, reserved 1089536K
  class space    used 5945K, capacity 6196K, committed 6272K, reserved 1048576K
Event: 29.184 GC heap after
Heap after GC invocations=9 (full 2):
 PSYoungGen      total 138240K, used 12775K [0x00000000e0000000, 0x00000000ece00000, 0x0000000100000000)
  eden space 125440K, 0% used [0x00000000e0000000,0x00000000e0000000,0x00000000e7a80000)
  from space 12800K, 99% used [0x00000000e7a80000,0x00000000e86f9f88,0x00000000e8700000)
  to   space 10752K, 0% used [0x00000000e8700000,0x00000000e8700000,0x00000000e9180000)
 ParOldGen       total 73728K, used 15624K [0x00000000a0000000, 0x00000000a4800000, 0x00000000e0000000)
  object space 73728K, 21% used [0x00000000a0000000,0x00000000a0f421c8,0x00000000a4800000)
 Metaspace       used 44451K, capacity 45374K, committed 45696K, reserved 1089536K
  class space    used 5945K, capacity 6196K, committed 6272K, reserved 1048576K
}

