# JRE version: OpenJDK Runtime Environment (8.0_112-b06) (build 1.8.0_112-release-b06)
# Java VM: OpenJDK 64-Bit Server VM (25.112-b06 mixed mode windows-amd64 compressed oops)
Heap:
 PSYoungGen      total 332800K, used 267128K [0x00000000e0000000, 0x00000000f8f00000, 0x0000000100000000)
  eden space 301568K, 84% used [0x00000000e0000000,0x00000000efa29c30,0x00000000f2680000)
  from space 31232K, 35% used [0x00000000f2680000,0x00000000f31346a0,0x00000000f4500000)
  to   space 29696K, 0% used [0x00000000f7200000,0x00000000f7200000,0x00000000f8f00000)
 ParOldGen       total 162816K, used 70705K [0x00000000a0000000, 0x00000000a9f00000, 0x00000000e0000000)
  object space 162816K, 43% used [0x00000000a0000000,0x00000000a450c790,0x00000000a9f00000)
 Metaspace       used 90078K, capacity 95984K, committed 96000K, reserved 1134592K
  class space    used 10918K, capacity 11763K, committed 11776K, reserved 1048576K
GC Heap History (10 events):
Event: 23124.090 GC heap before
{Heap before GC invocations=52 (full 3):
 PSYoungGen      total 366080K, used 365601K [0x00000000e0000000, 0x00000000f9800000, 0x0000000100000000)
  eden space 348672K, 99% used [0x00000000e0000000,0x00000000f546e5d0,0x00000000f5480000)
  from space 17408K, 97% used [0x00000000f8700000,0x00000000f9799e40,0x00000000f9800000)
  to   space 31232K, 0% used [0x00000000f5b00000,0x00000000f5b00000,0x00000000f7980000)
 ParOldGen       total 162816K, used 70601K [0x00000000a0000000, 0x00000000a9f00000, 0x00000000e0000000)
  object space 162816K, 43% used [0x00000000a0000000,0x00000000a44f2790,0x00000000a9f00000)
 Metaspace       used 89245K, capacity 93950K, committed 94208K, reserved 1132544K
  class space    used 10752K, capacity 11470K, committed 11520K, reserved 1048576K
Event: 23124.133 GC heap after
Heap after GC invocations=52 (full 3):
 PSYoungGen      total 354304K, used 18085K [0x00000000e0000000, 0x00000000f8780000, 0x0000000100000000)
  eden space 335872K, 0% used [0x00000000e0000000,0x00000000e0000000,0x00000000f4800000)
  from space 18432K, 98% used [0x00000000f5b00000,0x00000000f6ca94e0,0x00000000f6d00000)
  to   space 27136K, 0% used [0x00000000f6d00000,0x00000000f6d00000,0x00000000f8780000)
 ParOldGen       total 162816K, used 70601K [0x00000000a0000000, 0x00000000a9f00000, 0x00000000e0000000)
  object space 162816K, 43% used [0x00000000a0000000,0x00000000a44f2790,0x00000000a9f00000)
 Metaspace       used 89245K, capacity 93950K, committed 94208K, reserved 1132544K
  class space    used 10752K, capacity 11470K, committed 11520K, reserved 1048576K
}
Event: 23491.598 GC heap before
{Heap before GC invocations=53 (full 3):
 PSYoungGen      total 354304K, used 353957K [0x00000000e0000000, 0x00000000f8780000, 0x0000000100000000)
  eden space 335872K, 100% used [0x00000000e0000000,0x00000000f4800000,0x00000000f4800000)
  from space 18432K, 98% used [0x00000000f5b00000,0x00000000f6ca94e0,0x00000000f6d00000)
  to   space 27136K, 0% used [0x00000000f6d00000,0x00000000f6d00000,0x00000000f8780000)
 ParOldGen       total 162816K, used 70601K [0x00000000a0000000, 0x00000000a9f00000, 0x00000000e0000000)
  object space 162816K, 43% used [0x00000000a0000000,0x00000000a44f2790,0x00000000a9f00000)
 Metaspace       used 89483K, capacity 94608K, committed 94848K, reserved 1132544K
  class space    used 10811K, capacity 11573K, committed 11648K, reserved 1048576K
Event: 23491.608 GC heap after
Heap after GC invocations=53 (full 3):
 PSYoungGen      total 336896K, used 2064K [0x00000000e0000000, 0x00000000f7a00000, 0x0000000100000000)
  eden space 323584K, 0% used [0x00000000e0000000,0x00000000e0000000,0x00000000f3c00000)
  from space 13312K, 15% used [0x00000000f6d00000,0x00000000f6f04010,0x00000000f7a00000)
  to   space 31744K, 0% used [0x00000000f3c00000,0x00000000f3c00000,0x00000000f5b00000)
 ParOldGen       total 162816K, used 70609K [0x00000000a0000000, 0x00000000a9f00000, 0x00000000e0000000)
  object space 162816K, 43% used [0x00000000a0000000,0x00000000a44f4790,0x00000000a9f00000)
 Metaspace       used 89483K, capacity 94608K, committed 94848K, reserved 1132544K
  class space    used 10811K, capacity 11573K, committed 11648K, reserved 1048576K
}
Event: 23523.971 GC heap before
{Heap before GC invocations=54 (full 3):
 PSYoungGen      total 336896K, used 325648K [0x00000000e0000000, 0x00000000f7a00000, 0x0000000100000000)
  eden space 323584K, 100% used [0x00000000e0000000,0x00000000f3c00000,0x00000000f3c00000)
  from space 13312K, 15% used [0x00000000f6d00000,0x00000000f6f04010,0x00000000f7a00000)
  to   space 31744K, 0% used [0x00000000f3c00000,0x00000000f3c00000,0x00000000f5b00000)
 ParOldGen       total 162816K, used 70609K [0x00000000a0000000, 0x00000000a9f00000, 0x00000000e0000000)
  object space 162816K, 43% used [0x00000000a0000000,0x00000000a44f4790,0x00000000a9f00000)
 Metaspace       used 90027K, capacity 95832K, committed 96000K, reserved 1134592K
  class space    used 10910K, capacity 11755K, committed 11776K, reserved 1048576K
Event: 23523.989 GC heap after
Heap after GC invocations=54 (full 3):
 PSYoungGen      total 321024K, used 9016K [0x00000000e0000000, 0x00000000f6d80000, 0x0000000100000000)
  eden space 311808K, 0% used [0x00000000e0000000,0x00000000e0000000,0x00000000f3080000)
  from space 9216K, 97% used [0x00000000f3c00000,0x00000000f44ce208,0x00000000f4500000)
  to   space 30208K, 0% used [0x00000000f5000000,0x00000000f5000000,0x00000000f6d80000)
 ParOldGen       total 162816K, used 70609K [0x00000000a0000000, 0x00000000a9f00000, 0x00000000e0000000)
  object space 162816K, 43% used [0x00000000a0000000,0x00000000a44f4790,0x00000000a9f00000)
 Metaspace       used 90027K, capacity 95832K, committed 96000K, reserved 1134592K
  class space    used 10910K, capacity 11755K, committed 11776K, reserved 1048576K
}
Event: 23529.641 GC heap before
{Heap before GC invocations=55 (full 3):
 PSYoungGen      total 321024K, used 320771K [0x00000000e0000000, 0x00000000f6d80000, 0x0000000100000000)
  eden space 311808K, 99% used [0x00000000e0000000,0x00000000f3072c68,0x00000000f3080000)
  from space 9216K, 97% used [0x00000000f3c00000,0x00000000f44ce208,0x00000000f4500000)
  to   space 30208K, 0% used [0x00000000f5000000,0x00000000f5000000,0x00000000f6d80000)
 ParOldGen       total 162816K, used 70609K [0x00000000a0000000, 0x00000000a9f00000, 0x00000000e0000000)
  object space 162816K, 43% used [0x00000000a0000000,0x00000000a44f4790,0x00000000a9f00000)
 Metaspace       used 90041K, capacity 95896K, committed 96000K, reserved 1134592K
  class space    used 10910K, capacity 11755K, committed 11776K, reserved 1048576K
Event: 23529.661 GC heap after
Heap after GC invocations=55 (full 3):
 PSYoungGen      total 320512K, used 19856K [0x00000000e0000000, 0x00000000f6380000, 0x0000000100000000)
  eden space 300544K, 0% used [0x00000000e0000000,0x00000000e0000000,0x00000000f2580000)
  from space 19968K, 99% used [0x00000000f5000000,0x00000000f63642c0,0x00000000f6380000)
  to   space 31232K, 0% used [0x00000000f2680000,0x00000000f2680000,0x00000000f4500000)
 ParOldGen       total 162816K, used 70689K [0x00000000a0000000, 0x00000000a9f00000, 0x00000000e0000000)
  object space 162816K, 43% used [0x00000000a0000000,0x00000000a4508790,0x00000000a9f00000)
 Metaspace       used 90041K, capacity 95896K, committed 96000K, reserved 1134592K
  class space    used 10910K, capacity 11755K, committed 11776K, reserved 1048576K
}
Event: 23529.702 GC heap before
{Heap before GC invocations=56 (full 3):
 PSYoungGen      total 320512K, used 319717K [0x00000000e0000000, 0x00000000f6380000, 0x0000000100000000)
  eden space 300544K, 99% used [0x00000000e0000000,0x00000000f24d5310,0x00000000f2580000)
  from space 19968K, 99% used [0x00000000f5000000,0x00000000f63642c0,0x00000000f6380000)
  to   space 31232K, 0% used [0x00000000f2680000,0x00000000f2680000,0x00000000f4500000)
 ParOldGen       total 162816K, used 70689K [0x00000000a0000000, 0x00000000a9f00000, 0x00000000e0000000)
  object space 162816K, 43% used [0x00000000a0000000,0x00000000a4508790,0x00000000a9f00000)
 Metaspace       used 90041K, capacity 95896K, committed 96000K, reserved 1134592K
  class space    used 10910K, capacity 11755K, committed 11776K, reserved 1048576K
Event: 23529.719 GC heap after
Heap after GC invocations=56 (full 3):
 PSYoungGen      total 332800K, used 10961K [0x00000000e0000000, 0x00000000f8f00000, 0x0000000100000000)
  eden space 301568K, 0% used [0x00000000e0000000,0x00000000e0000000,0x00000000f2680000)
  from space 31232K, 35% used [0x00000000f2680000,0x00000000f31346a0,0x00000000f4500000)
  to   space 29696K, 0% used [0x00000000f7200000,0x00000000f7200000,0x00000000f8f00000)
 ParOldGen       total 162816K, used 70705K [0x00000000a0000000, 0x00000000a9f00000, 0x00000000e0000000)
  object space 162816K, 43% used [0x00000000a0000000,0x00000000a450c790,0x00000000a9f00000)
 Metaspace       used 90041K, capacity 95896K, committed 96000K, reserved 1134592K
  class space    used 10910K, capacity 11755K, committed 11776K, reserved 1048576K
}

